[ERROR] file:///Users/terryli/own/jobber/skills/visual-confirmation-urls/examples/terminal_hyperlinks.py | Cannot find file: File not found. Check if file exists and path is correct
[ERROR] file:///Users/terryli/own/jobber/.releaserc.json | Cannot find file: File not found. Check if file exists and path is correct
[ERROR] file:///Users/terryli/own/jobber/skills/tests/test_url_helpers.py | Cannot find file: File not found. Check if file exists and path is correct
[ERROR] file:///Users/terryli/own/jobber/skills/graphql-query-execution/examples/rate_limiting.py | Cannot find file: File not found. Check if file exists and path is correct
# Summary

| Status         | Count |
|----------------|-------|
| üîç Total       | 188   |
| ‚úÖ Successful  | 108   |
| ‚è≥ Timeouts    | 0     |
| üîÄ Redirected  | 0     |
| üëª Excluded    | 76    |
| ‚ùì Unknown     | 0     |
| üö´ Errors      | 4     |
| ‚õî Unsupported | 0     |

## Errors per input

### Errors in /Users/terryli/own/jobber/CLAUDE.md

* [ERROR] <file:///Users/terryli/own/jobber/.releaserc.json> | Cannot find file: File not found. Check if file exists and path is correct

### Errors in /Users/terryli/own/jobber/skills/graphql-query-execution/SKILL.md

* [ERROR] <file:///Users/terryli/own/jobber/skills/graphql-query-execution/examples/rate_limiting.py> | Cannot find file: File not found. Check if file exists and path is correct

### Errors in /Users/terryli/own/jobber/skills/visual-confirmation-urls/references/terminal-hyperlinks.md

* [ERROR] <file:///Users/terryli/own/jobber/skills/tests/test_url_helpers.py> | Cannot find file: File not found. Check if file exists and path is correct

### Errors in /Users/terryli/own/jobber/skills/visual-confirmation-urls/SKILL.md

* [ERROR] <file:///Users/terryli/own/jobber/skills/visual-confirmation-urls/examples/terminal_hyperlinks.py> | Cannot find file: File not found. Check if file exists and path is correct

